# JRE version: OpenJDK Runtime Environment (17.0.14+7) (build 17.0.14+7)
# Java VM: OpenJDK 64-Bit Server VM (17.0.14+7, mixed mode, sharing, tiered, compressed oops, compressed class ptrs, g1 gc, linux-amd64)
GC Precious Log:
 CPUs: 4 total, 4 available
 Memory: 7817M
 Large Page Support: Disabled
 NUMA Support: Disabled
 Compressed Oops: Enabled (32-bit)
 Heap Region Size: 1M
 Heap Min Capacity: 8M
 Heap Initial Capacity: 124M
 Heap Max Capacity: 1956M
 Pre-touch: Disabled
 Parallel Workers: 4
 Concurrent Workers: 1
 Concurrent Refinement Workers: 4
 Periodic GC: Disabled
Heap:
 garbage-first heap   total 279552K, used 115817K [0x0000000085c00000, 0x0000000100000000)
  region size 1024K, 32 young (32768K), 9 survivors (9216K)
 Metaspace       used 57531K, committed 57856K, reserved 1114112K
  class space    used 6428K, committed 6592K, reserved 1048576K
GC Heap History (20 events):
Event: 61,452 GC heap before
{Heap before GC invocations=17 (full 0):
 garbage-first heap   total 86016K, used 64336K [0x0000000085c00000, 0x0000000100000000)
  region size 1024K, 15 young (15360K), 2 survivors (2048K)
 Metaspace       used 44969K, committed 45248K, reserved 1114112K
  class space    used 5306K, committed 5440K, reserved 1048576K
}
Event: 61,521 GC heap after
{Heap after GC invocations=18 (full 0):
 garbage-first heap   total 86016K, used 54799K [0x0000000085c00000, 0x0000000100000000)
  region size 1024K, 2 young (2048K), 2 survivors (2048K)
 Metaspace       used 44969K, committed 45248K, reserved 1114112K
  class space    used 5306K, committed 5440K, reserved 1048576K
}
Event: 64,278 GC heap before
{Heap before GC invocations=19 (full 0):
 garbage-first heap   total 104448K, used 65039K [0x0000000085c00000, 0x0000000100000000)
  region size 1024K, 12 young (12288K), 2 survivors (2048K)
 Metaspace       used 45191K, committed 45440K, reserved 1114112K
  class space    used 5322K, committed 5440K, reserved 1048576K
}
Event: 64,444 GC heap after
{Heap after GC invocations=20 (full 0):
 garbage-first heap   total 104448K, used 57204K [0x0000000085c00000, 0x0000000100000000)
  region size 1024K, 2 young (2048K), 2 survivors (2048K)
 Metaspace       used 45191K, committed 45440K, reserved 1114112K
  class space    used 5322K, committed 5440K, reserved 1048576K
}
Event: 65,382 GC heap before
{Heap before GC invocations=20 (full 0):
 garbage-first heap   total 104448K, used 60276K [0x0000000085c00000, 0x0000000100000000)
  region size 1024K, 5 young (5120K), 2 survivors (2048K)
 Metaspace       used 45632K, committed 45888K, reserved 1114112K
  class space    used 5393K, committed 5504K, reserved 1048576K
}
Event: 65,473 GC heap after
{Heap after GC invocations=21 (full 0):
 garbage-first heap   total 208896K, used 57234K [0x0000000085c00000, 0x0000000100000000)
  region size 1024K, 1 young (1024K), 1 survivors (1024K)
 Metaspace       used 45632K, committed 45888K, reserved 1114112K
  class space    used 5393K, committed 5504K, reserved 1048576K
}
Event: 76,245 GC heap before
{Heap before GC invocations=21 (full 0):
 garbage-first heap   total 208896K, used 83858K [0x0000000085c00000, 0x0000000100000000)
  region size 1024K, 27 young (27648K), 1 survivors (1024K)
 Metaspace       used 49440K, committed 49728K, reserved 1114112K
  class space    used 5759K, committed 5888K, reserved 1048576K
}
Event: 76,301 GC heap after
{Heap after GC invocations=22 (full 0):
 garbage-first heap   total 208896K, used 63232K [0x0000000085c00000, 0x0000000100000000)
  region size 1024K, 4 young (4096K), 4 survivors (4096K)
 Metaspace       used 49440K, committed 49728K, reserved 1114112K
  class space    used 5759K, committed 5888K, reserved 1048576K
}
Event: 78,976 GC heap before
{Heap before GC invocations=22 (full 0):
 garbage-first heap   total 208896K, used 77568K [0x0000000085c00000, 0x0000000100000000)
  region size 1024K, 18 young (18432K), 4 survivors (4096K)
 Metaspace       used 51929K, committed 52224K, reserved 1114112K
  class space    used 6061K, committed 6208K, reserved 1048576K
}
Event: 79,065 GC heap after
{Heap after GC invocations=23 (full 0):
 garbage-first heap   total 208896K, used 65321K [0x0000000085c00000, 0x0000000100000000)
  region size 1024K, 2 young (2048K), 2 survivors (2048K)
 Metaspace       used 51929K, committed 52224K, reserved 1114112K
  class space    used 6061K, committed 6208K, reserved 1048576K
}
Event: 86,790 GC heap before
{Heap before GC invocations=23 (full 0):
 garbage-first heap   total 208896K, used 103209K [0x0000000085c00000, 0x0000000100000000)
  region size 1024K, 39 young (39936K), 2 survivors (2048K)
 Metaspace       used 53721K, committed 54016K, reserved 1114112K
  class space    used 6234K, committed 6336K, reserved 1048576K
}
Event: 86,918 GC heap after
{Heap after GC invocations=24 (full 0):
 garbage-first heap   total 208896K, used 72564K [0x0000000085c00000, 0x0000000100000000)
  region size 1024K, 5 young (5120K), 5 survivors (5120K)
 Metaspace       used 53721K, committed 54016K, reserved 1114112K
  class space    used 6234K, committed 6336K, reserved 1048576K
}
Event: 91,823 GC heap before
{Heap before GC invocations=24 (full 0):
 garbage-first heap   total 208896K, used 99188K [0x0000000085c00000, 0x0000000100000000)
  region size 1024K, 31 young (31744K), 5 survivors (5120K)
 Metaspace       used 54713K, committed 54976K, reserved 1114112K
  class space    used 6282K, committed 6400K, reserved 1048576K
}
Event: 91,976 GC heap after
{Heap after GC invocations=25 (full 0):
 garbage-first heap   total 208896K, used 77433K [0x0000000085c00000, 0x0000000100000000)
  region size 1024K, 4 young (4096K), 4 survivors (4096K)
 Metaspace       used 54713K, committed 54976K, reserved 1114112K
  class space    used 6282K, committed 6400K, reserved 1048576K
}
Event: 99,572 GC heap before
{Heap before GC invocations=25 (full 0):
 garbage-first heap   total 208896K, used 113273K [0x0000000085c00000, 0x0000000100000000)
  region size 1024K, 39 young (39936K), 4 survivors (4096K)
 Metaspace       used 55544K, committed 55872K, reserved 1114112K
  class space    used 6323K, committed 6464K, reserved 1048576K
}
Event: 99,679 GC heap after
{Heap after GC invocations=26 (full 0):
 garbage-first heap   total 279552K, used 82804K [0x0000000085c00000, 0x0000000100000000)
  region size 1024K, 5 young (5120K), 5 survivors (5120K)
 Metaspace       used 55544K, committed 55872K, reserved 1114112K
  class space    used 6323K, committed 6464K, reserved 1048576K
}
Event: 104,739 GC heap before
{Heap before GC invocations=26 (full 0):
 garbage-first heap   total 279552K, used 122740K [0x0000000085c00000, 0x0000000100000000)
  region size 1024K, 44 young (45056K), 5 survivors (5120K)
 Metaspace       used 56462K, committed 56768K, reserved 1114112K
  class space    used 6387K, committed 6528K, reserved 1048576K
}
Event: 104,808 GC heap after
{Heap after GC invocations=27 (full 0):
 garbage-first heap   total 279552K, used 86819K [0x0000000085c00000, 0x0000000100000000)
  region size 1024K, 4 young (4096K), 4 survivors (4096K)
 Metaspace       used 56462K, committed 56768K, reserved 1114112K
  class space    used 6387K, committed 6528K, reserved 1048576K
}
Event: 111,614 GC heap before
{Heap before GC invocations=27 (full 0):
 garbage-first heap   total 279552K, used 149283K [0x0000000085c00000, 0x0000000100000000)
  region size 1024K, 65 young (66560K), 4 survivors (4096K)
 Metaspace       used 57372K, committed 57728K, reserved 1114112K
  class space    used 6423K, committed 6592K, reserved 1048576K
}
Event: 111,707 GC heap after
{Heap after GC invocations=28 (full 0):
 garbage-first heap   total 279552K, used 93289K [0x0000000085c00000, 0x0000000100000000)
  region size 1024K, 9 young (9216K), 9 survivors (9216K)
 Metaspace       used 57372K, committed 57728K, reserved 1114112K
  class space    used 6423K, committed 6592K, reserved 1048576K
}

