# JRE version: OpenJDK Runtime Environment (17.0.14+7) (build 17.0.14+7)
# Java VM: OpenJDK 64-Bit Server VM (17.0.14+7, mixed mode, sharing, tiered, compressed oops, compressed class ptrs, g1 gc, linux-amd64)
GC Precious Log:
 CPUs: 4 total, 4 available
 Memory: 7817M
 Large Page Support: Disabled
 NUMA Support: Disabled
 Compressed Oops: Enabled (32-bit)
 Heap Region Size: 1M
 Heap Min Capacity: 8M
 Heap Initial Capacity: 124M
 Heap Max Capacity: 1956M
 Pre-touch: Disabled
 Parallel Workers: 4
 Concurrent Workers: 1
 Concurrent Refinement Workers: 4
 Periodic GC: Disabled
Heap:
 garbage-first heap   total 56320K, used 20313K [0x0000000085c00000, 0x0000000100000000)
  region size 1024K, 5 young (5120K), 4 survivors (4096K)
 Metaspace       used 36172K, committed 36480K, reserved 1114112K
  class space    used 4394K, committed 4544K, reserved 1048576K
GC Heap History (12 events):
Event: 9,989 GC heap before
{Heap before GC invocations=0 (full 0):
 garbage-first heap   total 129024K, used 17328K [0x0000000085c00000, 0x0000000100000000)
  region size 1024K, 13 young (13312K), 0 survivors (0K)
 Metaspace       used 4571K, committed 4736K, reserved 1114112K
  class space    used 360K, committed 448K, reserved 1048576K
}
Event: 10,002 GC heap after
{Heap after GC invocations=1 (full 0):
 garbage-first heap   total 129024K, used 6128K [0x0000000085c00000, 0x0000000100000000)
  region size 1024K, 2 young (2048K), 2 survivors (2048K)
 Metaspace       used 4571K, committed 4736K, reserved 1114112K
  class space    used 360K, committed 448K, reserved 1048576K
}
Event: 13,673 GC heap before
{Heap before GC invocations=1 (full 0):
 garbage-first heap   total 129024K, used 21488K [0x0000000085c00000, 0x0000000100000000)
  region size 1024K, 18 young (18432K), 2 survivors (2048K)
 Metaspace       used 9620K, committed 9856K, reserved 1114112K
  class space    used 981K, committed 1088K, reserved 1048576K
}
Event: 13,736 GC heap after
{Heap after GC invocations=2 (full 0):
 garbage-first heap   total 129024K, used 6783K [0x0000000085c00000, 0x0000000100000000)
  region size 1024K, 1 young (1024K), 1 survivors (1024K)
 Metaspace       used 9620K, committed 9856K, reserved 1114112K
  class space    used 981K, committed 1088K, reserved 1048576K
}
Event: 23,160 GC heap before
{Heap before GC invocations=2 (full 0):
 garbage-first heap   total 129024K, used 59007K [0x0000000085c00000, 0x0000000100000000)
  region size 1024K, 53 young (54272K), 1 survivors (1024K)
 Metaspace       used 21327K, committed 21504K, reserved 1114112K
  class space    used 2833K, committed 2880K, reserved 1048576K
}
Event: 23,216 GC heap after
{Heap after GC invocations=3 (full 0):
 garbage-first heap   total 129024K, used 14122K [0x0000000085c00000, 0x0000000100000000)
  region size 1024K, 8 young (8192K), 8 survivors (8192K)
 Metaspace       used 21327K, committed 21504K, reserved 1114112K
  class space    used 2833K, committed 2880K, reserved 1048576K
}
Event: 27,191 GC heap before
{Heap before GC invocations=4 (full 0):
 garbage-first heap   total 55296K, used 41770K [0x0000000085c00000, 0x0000000100000000)
  region size 1024K, 37 young (37888K), 8 survivors (8192K)
 Metaspace       used 27070K, committed 27264K, reserved 1114112K
  class space    used 3424K, committed 3520K, reserved 1048576K
}
Event: 27,250 GC heap after
{Heap after GC invocations=5 (full 0):
 garbage-first heap   total 56320K, used 17082K [0x0000000085c00000, 0x0000000100000000)
  region size 1024K, 3 young (3072K), 3 survivors (3072K)
 Metaspace       used 27070K, committed 27264K, reserved 1114112K
  class space    used 3424K, committed 3520K, reserved 1048576K
}
Event: 32,540 GC heap before
{Heap before GC invocations=5 (full 0):
 garbage-first heap   total 56320K, used 40634K [0x0000000085c00000, 0x0000000100000000)
  region size 1024K, 27 young (27648K), 3 survivors (3072K)
 Metaspace       used 32820K, committed 33088K, reserved 1114112K
  class space    used 4035K, committed 4160K, reserved 1048576K
}
Event: 32,639 GC heap after
{Heap after GC invocations=6 (full 0):
 garbage-first heap   total 56320K, used 19165K [0x0000000085c00000, 0x0000000100000000)
  region size 1024K, 3 young (3072K), 3 survivors (3072K)
 Metaspace       used 32820K, committed 33088K, reserved 1114112K
  class space    used 4035K, committed 4160K, reserved 1048576K
}
Event: 36,645 GC heap before
{Heap before GC invocations=6 (full 0):
 garbage-first heap   total 56320K, used 33501K [0x0000000085c00000, 0x0000000100000000)
  region size 1024K, 18 young (18432K), 3 survivors (3072K)
 Metaspace       used 35959K, committed 36160K, reserved 1114112K
  class space    used 4369K, committed 4480K, reserved 1048576K
}
Event: 36,691 GC heap after
{Heap after GC invocations=7 (full 0):
 garbage-first heap   total 56320K, used 20313K [0x0000000085c00000, 0x0000000100000000)
  region size 1024K, 4 young (4096K), 4 survivors (4096K)
 Metaspace       used 35959K, committed 36160K, reserved 1114112K
  class space    used 4369K, committed 4480K, reserved 1048576K
}

