# JRE version: OpenJDK Runtime Environment (17.0.14+7) (build 17.0.14+7)
# Java VM: OpenJDK 64-Bit Server VM (17.0.14+7, mixed mode, sharing, tiered, compressed oops, compressed class ptrs, g1 gc, linux-amd64)
GC Precious Log:
 CPUs: 4 total, 4 available
 Memory: 7817M
 Large Page Support: Disabled
 NUMA Support: Disabled
 Compressed Oops: Enabled (32-bit)
 Heap Region Size: 1M
 Heap Min Capacity: 8M
 Heap Initial Capacity: 124M
 Heap Max Capacity: 2G
 Pre-touch: Disabled
 Parallel Workers: 4
 Concurrent Workers: 1
 Concurrent Refinement Workers: 4
 Periodic GC: Disabled
Heap:
 garbage-first heap   total 251904K, used 129157K [0x0000000080000000, 0x0000000100000000)
  region size 1024K, 11 young (11264K), 9 survivors (9216K)
 Metaspace       used 108430K, committed 109504K, reserved 557056K
  class space    used 14869K, committed 15360K, reserved 425984K
GC Heap History (20 events):
Event: 22,972 GC heap before
{Heap before GC invocations=22 (full 0):
 garbage-first heap   total 139264K, used 111207K [0x0000000080000000, 0x0000000100000000)
  region size 1024K, 52 young (53248K), 7 survivors (7168K)
 Metaspace       used 74966K, committed 75776K, reserved 557056K
  class space    used 10660K, committed 11072K, reserved 425984K
}
Event: 23,017 GC heap after
{Heap after GC invocations=23 (full 0):
 garbage-first heap   total 139264K, used 69462K [0x0000000080000000, 0x0000000100000000)
  region size 1024K, 5 young (5120K), 5 survivors (5120K)
 Metaspace       used 74966K, committed 75776K, reserved 557056K
  class space    used 10660K, committed 11072K, reserved 425984K
}
Event: 24,852 GC heap before
{Heap before GC invocations=23 (full 0):
 garbage-first heap   total 139264K, used 110422K [0x0000000080000000, 0x0000000100000000)
  region size 1024K, 46 young (47104K), 5 survivors (5120K)
 Metaspace       used 78257K, committed 79104K, reserved 557056K
  class space    used 11200K, committed 11584K, reserved 425984K
}
Event: 24,881 GC heap after
{Heap after GC invocations=24 (full 0):
 garbage-first heap   total 251904K, used 73750K [0x0000000080000000, 0x0000000100000000)
  region size 1024K, 5 young (5120K), 5 survivors (5120K)
 Metaspace       used 78257K, committed 79104K, reserved 557056K
  class space    used 11200K, committed 11584K, reserved 425984K
}
Event: 54,854 GC heap before
{Heap before GC invocations=25 (full 0):
 garbage-first heap   total 251904K, used 196630K [0x0000000080000000, 0x0000000100000000)
  region size 1024K, 121 young (123904K), 5 survivors (5120K)
 Metaspace       used 88312K, committed 89216K, reserved 557056K
  class space    used 12372K, committed 12800K, reserved 425984K
}
Event: 54,879 GC heap after
{Heap after GC invocations=26 (full 0):
 garbage-first heap   total 251904K, used 85158K [0x0000000080000000, 0x0000000100000000)
  region size 1024K, 13 young (13312K), 13 survivors (13312K)
 Metaspace       used 88312K, committed 89216K, reserved 557056K
  class space    used 12372K, committed 12800K, reserved 425984K
}
Event: 54,898 GC heap before
{Heap before GC invocations=26 (full 0):
 garbage-first heap   total 251904K, used 86182K [0x0000000080000000, 0x0000000100000000)
  region size 1024K, 14 young (14336K), 13 survivors (13312K)
 Metaspace       used 88324K, committed 89216K, reserved 557056K
  class space    used 12374K, committed 12800K, reserved 425984K
}
Event: 54,921 GC heap after
{Heap after GC invocations=27 (full 0):
 garbage-first heap   total 251904K, used 85774K [0x0000000080000000, 0x0000000100000000)
  region size 1024K, 2 young (2048K), 2 survivors (2048K)
 Metaspace       used 88324K, committed 89216K, reserved 557056K
  class space    used 12374K, committed 12800K, reserved 425984K
}
Event: 73,682 GC heap before
{Heap before GC invocations=27 (full 0):
 garbage-first heap   total 251904K, used 193294K [0x0000000080000000, 0x0000000100000000)
  region size 1024K, 108 young (110592K), 2 survivors (2048K)
 Metaspace       used 89193K, committed 90048K, reserved 557056K
  class space    used 12401K, committed 12800K, reserved 425984K
}
Event: 73,707 GC heap after
{Heap after GC invocations=28 (full 0):
 garbage-first heap   total 251904K, used 92192K [0x0000000080000000, 0x0000000100000000)
  region size 1024K, 9 young (9216K), 9 survivors (9216K)
 Metaspace       used 89193K, committed 90048K, reserved 557056K
  class space    used 12401K, committed 12800K, reserved 425984K
}
Event: 74,951 GC heap before
{Heap before GC invocations=28 (full 0):
 garbage-first heap   total 251904K, used 200736K [0x0000000080000000, 0x0000000100000000)
  region size 1024K, 111 young (113664K), 9 survivors (9216K)
 Metaspace       used 89379K, committed 90368K, reserved 557056K
  class space    used 12414K, committed 12864K, reserved 425984K
}
Event: 74,976 GC heap after
{Heap after GC invocations=29 (full 0):
 garbage-first heap   total 251904K, used 104383K [0x0000000080000000, 0x0000000100000000)
  region size 1024K, 11 young (11264K), 11 survivors (11264K)
 Metaspace       used 89379K, committed 90368K, reserved 557056K
  class space    used 12414K, committed 12864K, reserved 425984K
}
Event: 75,991 GC heap before
{Heap before GC invocations=29 (full 0):
 garbage-first heap   total 251904K, used 199615K [0x0000000080000000, 0x0000000100000000)
  region size 1024K, 103 young (105472K), 11 survivors (11264K)
 Metaspace       used 90456K, committed 91456K, reserved 557056K
  class space    used 12544K, committed 12992K, reserved 425984K
}
Event: 76,002 GC heap after
{Heap after GC invocations=30 (full 0):
 garbage-first heap   total 251904K, used 106879K [0x0000000080000000, 0x0000000100000000)
  region size 1024K, 3 young (3072K), 3 survivors (3072K)
 Metaspace       used 90456K, committed 91456K, reserved 557056K
  class space    used 12544K, committed 12992K, reserved 425984K
}
Event: 77,990 GC heap before
{Heap before GC invocations=30 (full 0):
 garbage-first heap   total 251904K, used 208255K [0x0000000080000000, 0x0000000100000000)
  region size 1024K, 97 young (99328K), 3 survivors (3072K)
 Metaspace       used 98025K, committed 99072K, reserved 557056K
  class space    used 13454K, committed 13952K, reserved 425984K
}
Event: 78,011 GC heap after
{Heap after GC invocations=31 (full 0):
 garbage-first heap   total 251904K, used 115423K [0x0000000080000000, 0x0000000100000000)
  region size 1024K, 10 young (10240K), 10 survivors (10240K)
 Metaspace       used 98025K, committed 99072K, reserved 557056K
  class space    used 13454K, committed 13952K, reserved 425984K
}
Event: 79,981 GC heap before
{Heap before GC invocations=31 (full 0):
 garbage-first heap   total 251904K, used 204511K [0x0000000080000000, 0x0000000100000000)
  region size 1024K, 95 young (97280K), 10 survivors (10240K)
 Metaspace       used 105011K, committed 106048K, reserved 557056K
  class space    used 14374K, committed 14848K, reserved 425984K
}
Event: 80,002 GC heap after
{Heap after GC invocations=32 (full 0):
 garbage-first heap   total 251904K, used 122745K [0x0000000080000000, 0x0000000100000000)
  region size 1024K, 5 young (5120K), 5 survivors (5120K)
 Metaspace       used 105011K, committed 106048K, reserved 557056K
  class space    used 14374K, committed 14848K, reserved 425984K
}
Event: 81,339 GC heap before
{Heap before GC invocations=32 (full 0):
 garbage-first heap   total 251904K, used 203641K [0x0000000080000000, 0x0000000100000000)
  region size 1024K, 85 young (87040K), 5 survivors (5120K)
 Metaspace       used 108372K, committed 109376K, reserved 557056K
  class space    used 14863K, committed 15360K, reserved 425984K
}
Event: 81,355 GC heap after
{Heap after GC invocations=33 (full 0):
 garbage-first heap   total 251904K, used 127109K [0x0000000080000000, 0x0000000100000000)
  region size 1024K, 9 young (9216K), 9 survivors (9216K)
 Metaspace       used 108372K, committed 109376K, reserved 557056K
  class space    used 14863K, committed 15360K, reserved 425984K
}

